============================= test session starts =============================
platform win32 -- Python 3.11.13, pytest-8.2.0, pluggy-1.6.0
rootdir: C:\Users\thava\internship hex\Editor\rce-backend-mvp
configfile: pytest.ini
plugins: anyio-4.3.0, cov-5.0.0
collected 169 items

tests\test_api_problems.py ....................                          [ 11%]
tests\test_api_run.py ......F.....FF                                     [ 20%]
tests\test_api_submissions.py FFFF.F.FF.............                     [ 33%]
tests\test_health.py ......                                              [ 36%]
tests\test_models_and_service.py ........FFFFF.FF.F..                    [ 48%]
tests\test_run.py Fsss                                                   [ 50%]
tests\test_runners.py ................................                   [ 69%]
tests\test_schemas.py .......................                            [ 83%]
tests\test_worker.py .....................F......                        [100%]

================================== FAILURES ===================================
__________ TestRunEndpoint.test_run_no_persist_submission_id_is_null __________
.venv\Lib\site-packages\sqlalchemy\engine\base.py:1967: in _exec_single_context
    self.dialect.do_execute(
.venv\Lib\site-packages\sqlalchemy\engine\default.py:924: in do_execute
    cursor.execute(statement, parameters)
E   sqlite3.IntegrityError: UNIQUE constraint failed: users.id

The above exception was the direct cause of the following exception:
tests\test_api_run.py:135: in test_run_no_persist_submission_id_is_null
    make_user(db)
tests\conftest.py:125: in make_user
    db.flush()
.venv\Lib\site-packages\sqlalchemy\orm\session.py:4341: in flush
    self._flush(objects)
.venv\Lib\site-packages\sqlalchemy\orm\session.py:4476: in _flush
    with util.safe_reraise():
.venv\Lib\site-packages\sqlalchemy\util\langhelpers.py:146: in __exit__
    raise exc_value.with_traceback(exc_tb)
.venv\Lib\site-packages\sqlalchemy\orm\session.py:4437: in _flush
    flush_context.execute()
.venv\Lib\site-packages\sqlalchemy\orm\unitofwork.py:466: in execute
    rec.execute(self)
.venv\Lib\site-packages\sqlalchemy\orm\unitofwork.py:642: in execute
    util.preloaded.orm_persistence.save_obj(
.venv\Lib\site-packages\sqlalchemy\orm\persistence.py:93: in save_obj
    _emit_insert_statements(
.venv\Lib\site-packages\sqlalchemy\orm\persistence.py:1233: in _emit_insert_statements
    result = connection.execute(
.venv\Lib\site-packages\sqlalchemy\engine\base.py:1418: in execute
    return meth(
.venv\Lib\site-packages\sqlalchemy\sql\elements.py:515: in _execute_on_connection
    return connection._execute_clauseelement(
.venv\Lib\site-packages\sqlalchemy\engine\base.py:1640: in _execute_clauseelement
    ret = self._execute_context(
.venv\Lib\site-packages\sqlalchemy\engine\base.py:1846: in _execute_context
    return self._exec_single_context(
.venv\Lib\site-packages\sqlalchemy\engine\base.py:1986: in _exec_single_context
    self._handle_dbapi_exception(
.venv\Lib\site-packages\sqlalchemy\engine\base.py:2353: in _handle_dbapi_exception
    raise sqlalchemy_exception.with_traceback(exc_info[2]) from e
.venv\Lib\site-packages\sqlalchemy\engine\base.py:1967: in _exec_single_context
    self.dialect.do_execute(
.venv\Lib\site-packages\sqlalchemy\engine\default.py:924: in do_execute
    cursor.execute(statement, parameters)
E   sqlalchemy.exc.IntegrityError: (sqlite3.IntegrityError) UNIQUE constraint failed: users.id
E   [SQL: INSERT INTO users (id, username) VALUES (?, ?) RETURNING id, created_at]
E   [parameters: (1, 'alice')]
E   (Background on this error at: https://sqlalche.me/e/20/gkpj)
_________ TestRunEndpoint.test_run_cleanup_called_on_runner_exception _________
.venv\Lib\site-packages\sqlalchemy\engine\base.py:1967: in _exec_single_context
    self.dialect.do_execute(
.venv\Lib\site-packages\sqlalchemy\engine\default.py:924: in do_execute
    cursor.execute(statement, parameters)
E   sqlite3.IntegrityError: UNIQUE constraint failed: users.id

The above exception was the direct cause of the following exception:
tests\test_api_run.py:172: in test_run_cleanup_called_on_runner_exception
    make_user(db)
tests\conftest.py:125: in make_user
    db.flush()
.venv\Lib\site-packages\sqlalchemy\orm\session.py:4341: in flush
    self._flush(objects)
.venv\Lib\site-packages\sqlalchemy\orm\session.py:4476: in _flush
    with util.safe_reraise():
.venv\Lib\site-packages\sqlalchemy\util\langhelpers.py:146: in __exit__
    raise exc_value.with_traceback(exc_tb)
.venv\Lib\site-packages\sqlalchemy\orm\session.py:4437: in _flush
    flush_context.execute()
.venv\Lib\site-packages\sqlalchemy\orm\unitofwork.py:466: in execute
    rec.execute(self)
.venv\Lib\site-packages\sqlalchemy\orm\unitofwork.py:642: in execute
    util.preloaded.orm_persistence.save_obj(
.venv\Lib\site-packages\sqlalchemy\orm\persistence.py:93: in save_obj
    _emit_insert_statements(
.venv\Lib\site-packages\sqlalchemy\orm\persistence.py:1233: in _emit_insert_statements
    result = connection.execute(
.venv\Lib\site-packages\sqlalchemy\engine\base.py:1418: in execute
    return meth(
.venv\Lib\site-packages\sqlalchemy\sql\elements.py:515: in _execute_on_connection
    return connection._execute_clauseelement(
.venv\Lib\site-packages\sqlalchemy\engine\base.py:1640: in _execute_clauseelement
    ret = self._execute_context(
.venv\Lib\site-packages\sqlalchemy\engine\base.py:1846: in _execute_context
    return self._exec_single_context(
.venv\Lib\site-packages\sqlalchemy\engine\base.py:1986: in _exec_single_context
    self._handle_dbapi_exception(
.venv\Lib\site-packages\sqlalchemy\engine\base.py:2353: in _handle_dbapi_exception
    raise sqlalchemy_exception.with_traceback(exc_info[2]) from e
.venv\Lib\site-packages\sqlalchemy\engine\base.py:1967: in _exec_single_context
    self.dialect.do_execute(
.venv\Lib\site-packages\sqlalchemy\engine\default.py:924: in do_execute
    cursor.execute(statement, parameters)
E   sqlalchemy.exc.IntegrityError: (sqlite3.IntegrityError) UNIQUE constraint failed: users.id
E   [SQL: INSERT INTO users (id, username) VALUES (?, ?) RETURNING id, created_at]
E   [parameters: (1, 'alice')]
E   (Background on this error at: https://sqlalche.me/e/20/gkpj)
_________ TestRunEndpoint.test_run_not_implemented_runner_returns_501 _________
.venv\Lib\site-packages\sqlalchemy\engine\base.py:1967: in _exec_single_context
    self.dialect.do_execute(
.venv\Lib\site-packages\sqlalchemy\engine\default.py:924: in do_execute
    cursor.execute(statement, parameters)
E   sqlite3.IntegrityError: UNIQUE constraint failed: users.id

The above exception was the direct cause of the following exception:
tests\test_api_run.py:186: in test_run_not_implemented_runner_returns_501
    make_user(db)
tests\conftest.py:125: in make_user
    db.flush()
.venv\Lib\site-packages\sqlalchemy\orm\session.py:4341: in flush
    self._flush(objects)
.venv\Lib\site-packages\sqlalchemy\orm\session.py:4476: in _flush
    with util.safe_reraise():
.venv\Lib\site-packages\sqlalchemy\util\langhelpers.py:146: in __exit__
    raise exc_value.with_traceback(exc_tb)
.venv\Lib\site-packages\sqlalchemy\orm\session.py:4437: in _flush
    flush_context.execute()
.venv\Lib\site-packages\sqlalchemy\orm\unitofwork.py:466: in execute
    rec.execute(self)
.venv\Lib\site-packages\sqlalchemy\orm\unitofwork.py:642: in execute
    util.preloaded.orm_persistence.save_obj(
.venv\Lib\site-packages\sqlalchemy\orm\persistence.py:93: in save_obj
    _emit_insert_statements(
.venv\Lib\site-packages\sqlalchemy\orm\persistence.py:1233: in _emit_insert_statements
    result = connection.execute(
.venv\Lib\site-packages\sqlalchemy\engine\base.py:1418: in execute
    return meth(
.venv\Lib\site-packages\sqlalchemy\sql\elements.py:515: in _execute_on_connection
    return connection._execute_clauseelement(
.venv\Lib\site-packages\sqlalchemy\engine\base.py:1640: in _execute_clauseelement
    ret = self._execute_context(
.venv\Lib\site-packages\sqlalchemy\engine\base.py:1846: in _execute_context
    return self._exec_single_context(
.venv\Lib\site-packages\sqlalchemy\engine\base.py:1986: in _exec_single_context
    self._handle_dbapi_exception(
.venv\Lib\site-packages\sqlalchemy\engine\base.py:2353: in _handle_dbapi_exception
    raise sqlalchemy_exception.with_traceback(exc_info[2]) from e
.venv\Lib\site-packages\sqlalchemy\engine\base.py:1967: in _exec_single_context
    self.dialect.do_execute(
.venv\Lib\site-packages\sqlalchemy\engine\default.py:924: in do_execute
    cursor.execute(statement, parameters)
E   sqlalchemy.exc.IntegrityError: (sqlite3.IntegrityError) UNIQUE constraint failed: users.id
E   [SQL: INSERT INTO users (id, username) VALUES (?, ?) RETURNING id, created_at]
E   [parameters: (1, 'alice')]
E   (Background on this error at: https://sqlalche.me/e/20/gkpj)
_________________ TestSubmitEndpoint.test_submit_returns_202 __________________
.venv\Lib\site-packages\sqlalchemy\engine\base.py:1967: in _exec_single_context
    self.dialect.do_execute(
.venv\Lib\site-packages\sqlalchemy\engine\default.py:924: in do_execute
    cursor.execute(statement, parameters)
E   sqlite3.IntegrityError: UNIQUE constraint failed: users.id

The above exception was the direct cause of the following exception:
tests\test_api_submissions.py:23: in test_submit_returns_202
    make_user(db)
tests\conftest.py:125: in make_user
    db.flush()
.venv\Lib\site-packages\sqlalchemy\orm\session.py:4341: in flush
    self._flush(objects)
.venv\Lib\site-packages\sqlalchemy\orm\session.py:4476: in _flush
    with util.safe_reraise():
.venv\Lib\site-packages\sqlalchemy\util\langhelpers.py:146: in __exit__
    raise exc_value.with_traceback(exc_tb)
.venv\Lib\site-packages\sqlalchemy\orm\session.py:4437: in _flush
    flush_context.execute()
.venv\Lib\site-packages\sqlalchemy\orm\unitofwork.py:466: in execute
    rec.execute(self)
.venv\Lib\site-packages\sqlalchemy\orm\unitofwork.py:642: in execute
    util.preloaded.orm_persistence.save_obj(
.venv\Lib\site-packages\sqlalchemy\orm\persistence.py:93: in save_obj
    _emit_insert_statements(
.venv\Lib\site-packages\sqlalchemy\orm\persistence.py:1233: in _emit_insert_statements
    result = connection.execute(
.venv\Lib\site-packages\sqlalchemy\engine\base.py:1418: in execute
    return meth(
.venv\Lib\site-packages\sqlalchemy\sql\elements.py:515: in _execute_on_connection
    return connection._execute_clauseelement(
.venv\Lib\site-packages\sqlalchemy\engine\base.py:1640: in _execute_clauseelement
    ret = self._execute_context(
.venv\Lib\site-packages\sqlalchemy\engine\base.py:1846: in _execute_context
    return self._exec_single_context(
.venv\Lib\site-packages\sqlalchemy\engine\base.py:1986: in _exec_single_context
    self._handle_dbapi_exception(
.venv\Lib\site-packages\sqlalchemy\engine\base.py:2353: in _handle_dbapi_exception
    raise sqlalchemy_exception.with_traceback(exc_info[2]) from e
.venv\Lib\site-packages\sqlalchemy\engine\base.py:1967: in _exec_single_context
    self.dialect.do_execute(
.venv\Lib\site-packages\sqlalchemy\engine\default.py:924: in do_execute
    cursor.execute(statement, parameters)
E   sqlalchemy.exc.IntegrityError: (sqlite3.IntegrityError) UNIQUE constraint failed: users.id
E   [SQL: INSERT INTO users (id, username) VALUES (?, ?) RETURNING id, created_at]
E   [parameters: (1, 'alice')]
E   (Background on this error at: https://sqlalche.me/e/20/gkpj)
____________ TestSubmitEndpoint.test_submit_returns_submission_id _____________
.venv\Lib\site-packages\sqlalchemy\engine\base.py:1967: in _exec_single_context
    self.dialect.do_execute(
.venv\Lib\site-packages\sqlalchemy\engine\default.py:924: in do_execute
    cursor.execute(statement, parameters)
E   sqlite3.IntegrityError: UNIQUE constraint failed: users.id

The above exception was the direct cause of the following exception:
tests\test_api_submissions.py:32: in test_submit_returns_submission_id
    make_user(db)
tests\conftest.py:125: in make_user
    db.flush()
.venv\Lib\site-packages\sqlalchemy\orm\session.py:4341: in flush
    self._flush(objects)
.venv\Lib\site-packages\sqlalchemy\orm\session.py:4476: in _flush
    with util.safe_reraise():
.venv\Lib\site-packages\sqlalchemy\util\langhelpers.py:146: in __exit__
    raise exc_value.with_traceback(exc_tb)
.venv\Lib\site-packages\sqlalchemy\orm\session.py:4437: in _flush
    flush_context.execute()
.venv\Lib\site-packages\sqlalchemy\orm\unitofwork.py:466: in execute
    rec.execute(self)
.venv\Lib\site-packages\sqlalchemy\orm\unitofwork.py:642: in execute
    util.preloaded.orm_persistence.save_obj(
.venv\Lib\site-packages\sqlalchemy\orm\persistence.py:93: in save_obj
    _emit_insert_statements(
.venv\Lib\site-packages\sqlalchemy\orm\persistence.py:1233: in _emit_insert_statements
    result = connection.execute(
.venv\Lib\site-packages\sqlalchemy\engine\base.py:1418: in execute
    return meth(
.venv\Lib\site-packages\sqlalchemy\sql\elements.py:515: in _execute_on_connection
    return connection._execute_clauseelement(
.venv\Lib\site-packages\sqlalchemy\engine\base.py:1640: in _execute_clauseelement
    ret = self._execute_context(
.venv\Lib\site-packages\sqlalchemy\engine\base.py:1846: in _execute_context
    return self._exec_single_context(
.venv\Lib\site-packages\sqlalchemy\engine\base.py:1986: in _exec_single_context
    self._handle_dbapi_exception(
.venv\Lib\site-packages\sqlalchemy\engine\base.py:2353: in _handle_dbapi_exception
    raise sqlalchemy_exception.with_traceback(exc_info[2]) from e
.venv\Lib\site-packages\sqlalchemy\engine\base.py:1967: in _exec_single_context
    self.dialect.do_execute(
.venv\Lib\site-packages\sqlalchemy\engine\default.py:924: in do_execute
    cursor.execute(statement, parameters)
E   sqlalchemy.exc.IntegrityError: (sqlite3.IntegrityError) UNIQUE constraint failed: users.id
E   [SQL: INSERT INTO users (id, username) VALUES (?, ?) RETURNING id, created_at]
E   [parameters: (1, 'alice')]
E   (Background on this error at: https://sqlalche.me/e/20/gkpj)
______________ TestSubmitEndpoint.test_submit_creates_queued_row ______________
.venv\Lib\site-packages\sqlalchemy\engine\base.py:1967: in _exec_single_context
    self.dialect.do_execute(
.venv\Lib\site-packages\sqlalchemy\engine\default.py:924: in do_execute
    cursor.execute(statement, parameters)
E   sqlite3.IntegrityError: UNIQUE constraint failed: users.id

The above exception was the direct cause of the following exception:
tests\test_api_submissions.py:43: in test_submit_creates_queued_row
    make_user(db)
tests\conftest.py:125: in make_user
    db.flush()
.venv\Lib\site-packages\sqlalchemy\orm\session.py:4341: in flush
    self._flush(objects)
.venv\Lib\site-packages\sqlalchemy\orm\session.py:4476: in _flush
    with util.safe_reraise():
.venv\Lib\site-packages\sqlalchemy\util\langhelpers.py:146: in __exit__
    raise exc_value.with_traceback(exc_tb)
.venv\Lib\site-packages\sqlalchemy\orm\session.py:4437: in _flush
    flush_context.execute()
.venv\Lib\site-packages\sqlalchemy\orm\unitofwork.py:466: in execute
    rec.execute(self)
.venv\Lib\site-packages\sqlalchemy\orm\unitofwork.py:642: in execute
    util.preloaded.orm_persistence.save_obj(
.venv\Lib\site-packages\sqlalchemy\orm\persistence.py:93: in save_obj
    _emit_insert_statements(
.venv\Lib\site-packages\sqlalchemy\orm\persistence.py:1233: in _emit_insert_statements
    result = connection.execute(
.venv\Lib\site-packages\sqlalchemy\engine\base.py:1418: in execute
    return meth(
.venv\Lib\site-packages\sqlalchemy\sql\elements.py:515: in _execute_on_connection
    return connection._execute_clauseelement(
.venv\Lib\site-packages\sqlalchemy\engine\base.py:1640: in _execute_clauseelement
    ret = self._execute_context(
.venv\Lib\site-packages\sqlalchemy\engine\base.py:1846: in _execute_context
    return self._exec_single_context(
.venv\Lib\site-packages\sqlalchemy\engine\base.py:1986: in _exec_single_context
    self._handle_dbapi_exception(
.venv\Lib\site-packages\sqlalchemy\engine\base.py:2353: in _handle_dbapi_exception
    raise sqlalchemy_exception.with_traceback(exc_info[2]) from e
.venv\Lib\site-packages\sqlalchemy\engine\base.py:1967: in _exec_single_context
    self.dialect.do_execute(
.venv\Lib\site-packages\sqlalchemy\engine\default.py:924: in do_execute
    cursor.execute(statement, parameters)
E   sqlalchemy.exc.IntegrityError: (sqlite3.IntegrityError) UNIQUE constraint failed: users.id
E   [SQL: INSERT INTO users (id, username) VALUES (?, ?) RETURNING id, created_at]
E   [parameters: (1, 'alice')]
E   (Background on this error at: https://sqlalche.me/e/20/gkpj)
____________ TestSubmitEndpoint.test_submit_run_type_run_is_stored ____________
.venv\Lib\site-packages\sqlalchemy\engine\base.py:1967: in _exec_single_context
    self.dialect.do_execute(
.venv\Lib\site-packages\sqlalchemy\engine\default.py:924: in do_execute
    cursor.execute(statement, parameters)
E   sqlite3.IntegrityError: UNIQUE constraint failed: users.id

The above exception was the direct cause of the following exception:
tests\test_api_submissions.py:56: in test_submit_run_type_run_is_stored
    make_user(db)
tests\conftest.py:125: in make_user
    db.flush()
.venv\Lib\site-packages\sqlalchemy\orm\session.py:4341: in flush
    self._flush(objects)
.venv\Lib\site-packages\sqlalchemy\orm\session.py:4476: in _flush
    with util.safe_reraise():
.venv\Lib\site-packages\sqlalchemy\util\langhelpers.py:146: in __exit__
    raise exc_value.with_traceback(exc_tb)
.venv\Lib\site-packages\sqlalchemy\orm\session.py:4437: in _flush
    flush_context.execute()
.venv\Lib\site-packages\sqlalchemy\orm\unitofwork.py:466: in execute
    rec.execute(self)
.venv\Lib\site-packages\sqlalchemy\orm\unitofwork.py:642: in execute
    util.preloaded.orm_persistence.save_obj(
.venv\Lib\site-packages\sqlalchemy\orm\persistence.py:93: in save_obj
    _emit_insert_statements(
.venv\Lib\site-packages\sqlalchemy\orm\persistence.py:1233: in _emit_insert_statements
    result = connection.execute(
.venv\Lib\site-packages\sqlalchemy\engine\base.py:1418: in execute
    return meth(
.venv\Lib\site-packages\sqlalchemy\sql\elements.py:515: in _execute_on_connection
    return connection._execute_clauseelement(
.venv\Lib\site-packages\sqlalchemy\engine\base.py:1640: in _execute_clauseelement
    ret = self._execute_context(
.venv\Lib\site-packages\sqlalchemy\engine\base.py:1846: in _execute_context
    return self._exec_single_context(
.venv\Lib\site-packages\sqlalchemy\engine\base.py:1986: in _exec_single_context
    self._handle_dbapi_exception(
.venv\Lib\site-packages\sqlalchemy\engine\base.py:2353: in _handle_dbapi_exception
    raise sqlalchemy_exception.with_traceback(exc_info[2]) from e
.venv\Lib\site-packages\sqlalchemy\engine\base.py:1967: in _exec_single_context
    self.dialect.do_execute(
.venv\Lib\site-packages\sqlalchemy\engine\default.py:924: in do_execute
    cursor.execute(statement, parameters)
E   sqlalchemy.exc.IntegrityError: (sqlite3.IntegrityError) UNIQUE constraint failed: users.id
E   [SQL: INSERT INTO users (id, username) VALUES (?, ?) RETURNING id, created_at]
E   [parameters: (1, 'alice')]
E   (Background on this error at: https://sqlalche.me/e/20/gkpj)
_______ TestSubmitEndpoint.test_submit_nonexistent_problem_returns_404 ________
.venv\Lib\site-packages\sqlalchemy\engine\base.py:1967: in _exec_single_context
    self.dialect.do_execute(
.venv\Lib\site-packages\sqlalchemy\engine\default.py:924: in do_execute
    cursor.execute(statement, parameters)
E   sqlite3.IntegrityError: UNIQUE constraint failed: users.id

The above exception was the direct cause of the following exception:
tests\test_api_submissions.py:81: in test_submit_nonexistent_problem_returns_404
    make_user(db)
tests\conftest.py:125: in make_user
    db.flush()
.venv\Lib\site-packages\sqlalchemy\orm\session.py:4341: in flush
    self._flush(objects)
.venv\Lib\site-packages\sqlalchemy\orm\session.py:4476: in _flush
    with util.safe_reraise():
.venv\Lib\site-packages\sqlalchemy\util\langhelpers.py:146: in __exit__
    raise exc_value.with_traceback(exc_tb)
.venv\Lib\site-packages\sqlalchemy\orm\session.py:4437: in _flush
    flush_context.execute()
.venv\Lib\site-packages\sqlalchemy\orm\unitofwork.py:466: in execute
    rec.execute(self)
.venv\Lib\site-packages\sqlalchemy\orm\unitofwork.py:642: in execute
    util.preloaded.orm_persistence.save_obj(
.venv\Lib\site-packages\sqlalchemy\orm\persistence.py:93: in save_obj
    _emit_insert_statements(
.venv\Lib\site-packages\sqlalchemy\orm\persistence.py:1233: in _emit_insert_statements
    result = connection.execute(
.venv\Lib\site-packages\sqlalchemy\engine\base.py:1418: in execute
    return meth(
.venv\Lib\site-packages\sqlalchemy\sql\elements.py:515: in _execute_on_connection
    return connection._execute_clauseelement(
.venv\Lib\site-packages\sqlalchemy\engine\base.py:1640: in _execute_clauseelement
    ret = self._execute_context(
.venv\Lib\site-packages\sqlalchemy\engine\base.py:1846: in _execute_context
    return self._exec_single_context(
.venv\Lib\site-packages\sqlalchemy\engine\base.py:1986: in _exec_single_context
    self._handle_dbapi_exception(
.venv\Lib\site-packages\sqlalchemy\engine\base.py:2353: in _handle_dbapi_exception
    raise sqlalchemy_exception.with_traceback(exc_info[2]) from e
.venv\Lib\site-packages\sqlalchemy\engine\base.py:1967: in _exec_single_context
    self.dialect.do_execute(
.venv\Lib\site-packages\sqlalchemy\engine\default.py:924: in do_execute
    cursor.execute(statement, parameters)
E   sqlalchemy.exc.IntegrityError: (sqlite3.IntegrityError) UNIQUE constraint failed: users.id
E   [SQL: INSERT INTO users (id, username) VALUES (?, ?) RETURNING id, created_at]
E   [parameters: (1, 'alice')]
E   (Background on this error at: https://sqlalche.me/e/20/gkpj)
_________ TestSubmitEndpoint.test_submit_invalid_run_type_returns_422 _________
.venv\Lib\site-packages\sqlalchemy\engine\base.py:1967: in _exec_single_context
    self.dialect.do_execute(
.venv\Lib\site-packages\sqlalchemy\engine\default.py:924: in do_execute
    cursor.execute(statement, parameters)
E   sqlite3.IntegrityError: UNIQUE constraint failed: users.id

The above exception was the direct cause of the following exception:
tests\test_api_submissions.py:95: in test_submit_invalid_run_type_returns_422
    make_user(db)
tests\conftest.py:125: in make_user
    db.flush()
.venv\Lib\site-packages\sqlalchemy\orm\session.py:4341: in flush
    self._flush(objects)
.venv\Lib\site-packages\sqlalchemy\orm\session.py:4476: in _flush
    with util.safe_reraise():
.venv\Lib\site-packages\sqlalchemy\util\langhelpers.py:146: in __exit__
    raise exc_value.with_traceback(exc_tb)
.venv\Lib\site-packages\sqlalchemy\orm\session.py:4437: in _flush
    flush_context.execute()
.venv\Lib\site-packages\sqlalchemy\orm\unitofwork.py:466: in execute
    rec.execute(self)
.venv\Lib\site-packages\sqlalchemy\orm\unitofwork.py:642: in execute
    util.preloaded.orm_persistence.save_obj(
.venv\Lib\site-packages\sqlalchemy\orm\persistence.py:93: in save_obj
    _emit_insert_statements(
.venv\Lib\site-packages\sqlalchemy\orm\persistence.py:1233: in _emit_insert_statements
    result = connection.execute(
.venv\Lib\site-packages\sqlalchemy\engine\base.py:1418: in execute
    return meth(
.venv\Lib\site-packages\sqlalchemy\sql\elements.py:515: in _execute_on_connection
    return connection._execute_clauseelement(
.venv\Lib\site-packages\sqlalchemy\engine\base.py:1640: in _execute_clauseelement
    ret = self._execute_context(
.venv\Lib\site-packages\sqlalchemy\engine\base.py:1846: in _execute_context
    return self._exec_single_context(
.venv\Lib\site-packages\sqlalchemy\engine\base.py:1986: in _exec_single_context
    self._handle_dbapi_exception(
.venv\Lib\site-packages\sqlalchemy\engine\base.py:2353: in _handle_dbapi_exception
    raise sqlalchemy_exception.with_traceback(exc_info[2]) from e
.venv\Lib\site-packages\sqlalchemy\engine\base.py:1967: in _exec_single_context
    self.dialect.do_execute(
.venv\Lib\site-packages\sqlalchemy\engine\default.py:924: in do_execute
    cursor.execute(statement, parameters)
E   sqlalchemy.exc.IntegrityError: (sqlite3.IntegrityError) UNIQUE constraint failed: users.id
E   [SQL: INSERT INTO users (id, username) VALUES (?, ?) RETURNING id, created_at]
E   [parameters: (1, 'alice')]
E   (Background on this error at: https://sqlalche.me/e/20/gkpj)
___________ TestSubmitEndpoint.test_submit_empty_source_returns_422 ___________
.venv\Lib\site-packages\sqlalchemy\engine\base.py:1967: in _exec_single_context
    self.dialect.do_execute(
.venv\Lib\site-packages\sqlalchemy\engine\default.py:924: in do_execute
    cursor.execute(statement, parameters)
E   sqlite3.IntegrityError: UNIQUE constraint failed: users.id

The above exception was the direct cause of the following exception:
tests\test_api_submissions.py:104: in test_submit_empty_source_returns_422
    make_user(db)
tests\conftest.py:125: in make_user
    db.flush()
.venv\Lib\site-packages\sqlalchemy\orm\session.py:4341: in flush
    self._flush(objects)
.venv\Lib\site-packages\sqlalchemy\orm\session.py:4476: in _flush
    with util.safe_reraise():
.venv\Lib\site-packages\sqlalchemy\util\langhelpers.py:146: in __exit__
    raise exc_value.with_traceback(exc_tb)
.venv\Lib\site-packages\sqlalchemy\orm\session.py:4437: in _flush
    flush_context.execute()
.venv\Lib\site-packages\sqlalchemy\orm\unitofwork.py:466: in execute
    rec.execute(self)
.venv\Lib\site-packages\sqlalchemy\orm\unitofwork.py:642: in execute
    util.preloaded.orm_persistence.save_obj(
.venv\Lib\site-packages\sqlalchemy\orm\persistence.py:93: in save_obj
    _emit_insert_statements(
.venv\Lib\site-packages\sqlalchemy\orm\persistence.py:1233: in _emit_insert_statements
    result = connection.execute(
.venv\Lib\site-packages\sqlalchemy\engine\base.py:1418: in execute
    return meth(
.venv\Lib\site-packages\sqlalchemy\sql\elements.py:515: in _execute_on_connection
    return connection._execute_clauseelement(
.venv\Lib\site-packages\sqlalchemy\engine\base.py:1640: in _execute_clauseelement
    ret = self._execute_context(
.venv\Lib\site-packages\sqlalchemy\engine\base.py:1846: in _execute_context
    return self._exec_single_context(
.venv\Lib\site-packages\sqlalchemy\engine\base.py:1986: in _exec_single_context
    self._handle_dbapi_exception(
.venv\Lib\site-packages\sqlalchemy\engine\base.py:2353: in _handle_dbapi_exception
    raise sqlalchemy_exception.with_traceback(exc_info[2]) from e
.venv\Lib\site-packages\sqlalchemy\engine\base.py:1967: in _exec_single_context
    self.dialect.do_execute(
.venv\Lib\site-packages\sqlalchemy\engine\default.py:924: in do_execute
    cursor.execute(statement, parameters)
E   sqlalchemy.exc.IntegrityError: (sqlite3.IntegrityError) UNIQUE constraint failed: users.id
E   [SQL: INSERT INTO users (id, username) VALUES (?, ?) RETURNING id, created_at]
E   [parameters: (1, 'alice')]
E   (Background on this error at: https://sqlalche.me/e/20/gkpj)
_________________ TestSubmissionModel.test_create_submission __________________
.venv\Lib\site-packages\sqlalchemy\engine\base.py:1967: in _exec_single_context
    self.dialect.do_execute(
.venv\Lib\site-packages\sqlalchemy\engine\default.py:924: in do_execute
    cursor.execute(statement, parameters)
E   sqlite3.IntegrityError: UNIQUE constraint failed: users.id

The above exception was the direct cause of the following exception:
tests\test_models_and_service.py:90: in test_create_submission
    u = make_user(db)
tests\conftest.py:125: in make_user
    db.flush()
.venv\Lib\site-packages\sqlalchemy\orm\session.py:4341: in flush
    self._flush(objects)
.venv\Lib\site-packages\sqlalchemy\orm\session.py:4476: in _flush
    with util.safe_reraise():
.venv\Lib\site-packages\sqlalchemy\util\langhelpers.py:146: in __exit__
    raise exc_value.with_traceback(exc_tb)
.venv\Lib\site-packages\sqlalchemy\orm\session.py:4437: in _flush
    flush_context.execute()
.venv\Lib\site-packages\sqlalchemy\orm\unitofwork.py:466: in execute
    rec.execute(self)
.venv\Lib\site-packages\sqlalchemy\orm\unitofwork.py:642: in execute
    util.preloaded.orm_persistence.save_obj(
.venv\Lib\site-packages\sqlalchemy\orm\persistence.py:93: in save_obj
    _emit_insert_statements(
.venv\Lib\site-packages\sqlalchemy\orm\persistence.py:1233: in _emit_insert_statements
    result = connection.execute(
.venv\Lib\site-packages\sqlalchemy\engine\base.py:1418: in execute
    return meth(
.venv\Lib\site-packages\sqlalchemy\sql\elements.py:515: in _execute_on_connection
    return connection._execute_clauseelement(
.venv\Lib\site-packages\sqlalchemy\engine\base.py:1640: in _execute_clauseelement
    ret = self._execute_context(
.venv\Lib\site-packages\sqlalchemy\engine\base.py:1846: in _execute_context
    return self._exec_single_context(
.venv\Lib\site-packages\sqlalchemy\engine\base.py:1986: in _exec_single_context
    self._handle_dbapi_exception(
.venv\Lib\site-packages\sqlalchemy\engine\base.py:2353: in _handle_dbapi_exception
    raise sqlalchemy_exception.with_traceback(exc_info[2]) from e
.venv\Lib\site-packages\sqlalchemy\engine\base.py:1967: in _exec_single_context
    self.dialect.do_execute(
.venv\Lib\site-packages\sqlalchemy\engine\default.py:924: in do_execute
    cursor.execute(statement, parameters)
E   sqlalchemy.exc.IntegrityError: (sqlite3.IntegrityError) UNIQUE constraint failed: users.id
E   [SQL: INSERT INTO users (id, username) VALUES (?, ?) RETURNING id, created_at]
E   [parameters: (1, 'alice')]
E   (Background on this error at: https://sqlalche.me/e/20/gkpj)
_____________ TestSubmissionModel.test_submission_without_problem _____________
.venv\Lib\site-packages\sqlalchemy\engine\base.py:1967: in _exec_single_context
    self.dialect.do_execute(
.venv\Lib\site-packages\sqlalchemy\engine\default.py:924: in do_execute
    cursor.execute(statement, parameters)
E   sqlite3.IntegrityError: UNIQUE constraint failed: users.id

The above exception was the direct cause of the following exception:
tests\test_models_and_service.py:98: in test_submission_without_problem
    u = make_user(db)
tests\conftest.py:125: in make_user
    db.flush()
.venv\Lib\site-packages\sqlalchemy\orm\session.py:4341: in flush
    self._flush(objects)
.venv\Lib\site-packages\sqlalchemy\orm\session.py:4476: in _flush
    with util.safe_reraise():
.venv\Lib\site-packages\sqlalchemy\util\langhelpers.py:146: in __exit__
    raise exc_value.with_traceback(exc_tb)
.venv\Lib\site-packages\sqlalchemy\orm\session.py:4437: in _flush
    flush_context.execute()
.venv\Lib\site-packages\sqlalchemy\orm\unitofwork.py:466: in execute
    rec.execute(self)
.venv\Lib\site-packages\sqlalchemy\orm\unitofwork.py:642: in execute
    util.preloaded.orm_persistence.save_obj(
.venv\Lib\site-packages\sqlalchemy\orm\persistence.py:93: in save_obj
    _emit_insert_statements(
.venv\Lib\site-packages\sqlalchemy\orm\persistence.py:1233: in _emit_insert_statements
    result = connection.execute(
.venv\Lib\site-packages\sqlalchemy\engine\base.py:1418: in execute
    return meth(
.venv\Lib\site-packages\sqlalchemy\sql\elements.py:515: in _execute_on_connection
    return connection._execute_clauseelement(
.venv\Lib\site-packages\sqlalchemy\engine\base.py:1640: in _execute_clauseelement
    ret = self._execute_context(
.venv\Lib\site-packages\sqlalchemy\engine\base.py:1846: in _execute_context
    return self._exec_single_context(
.venv\Lib\site-packages\sqlalchemy\engine\base.py:1986: in _exec_single_context
    self._handle_dbapi_exception(
.venv\Lib\site-packages\sqlalchemy\engine\base.py:2353: in _handle_dbapi_exception
    raise sqlalchemy_exception.with_traceback(exc_info[2]) from e
.venv\Lib\site-packages\sqlalchemy\engine\base.py:1967: in _exec_single_context
    self.dialect.do_execute(
.venv\Lib\site-packages\sqlalchemy\engine\default.py:924: in do_execute
    cursor.execute(statement, parameters)
E   sqlalchemy.exc.IntegrityError: (sqlite3.IntegrityError) UNIQUE constraint failed: users.id
E   [SQL: INSERT INTO users (id, username) VALUES (?, ?) RETURNING id, created_at]
E   [parameters: (1, 'alice')]
E   (Background on this error at: https://sqlalche.me/e/20/gkpj)
_____________ TestSubmissionModel.test_submission_status_default ______________
.venv\Lib\site-packages\sqlalchemy\engine\base.py:1967: in _exec_single_context
    self.dialect.do_execute(
.venv\Lib\site-packages\sqlalchemy\engine\default.py:924: in do_execute
    cursor.execute(statement, parameters)
E   sqlite3.IntegrityError: UNIQUE constraint failed: users.id

The above exception was the direct cause of the following exception:
tests\test_models_and_service.py:103: in test_submission_status_default
    u = make_user(db)
tests\conftest.py:125: in make_user
    db.flush()
.venv\Lib\site-packages\sqlalchemy\orm\session.py:4341: in flush
    self._flush(objects)
.venv\Lib\site-packages\sqlalchemy\orm\session.py:4476: in _flush
    with util.safe_reraise():
.venv\Lib\site-packages\sqlalchemy\util\langhelpers.py:146: in __exit__
    raise exc_value.with_traceback(exc_tb)
.venv\Lib\site-packages\sqlalchemy\orm\session.py:4437: in _flush
    flush_context.execute()
.venv\Lib\site-packages\sqlalchemy\orm\unitofwork.py:466: in execute
    rec.execute(self)
.venv\Lib\site-packages\sqlalchemy\orm\unitofwork.py:642: in execute
    util.preloaded.orm_persistence.save_obj(
.venv\Lib\site-packages\sqlalchemy\orm\persistence.py:93: in save_obj
    _emit_insert_statements(
.venv\Lib\site-packages\sqlalchemy\orm\persistence.py:1233: in _emit_insert_statements
    result = connection.execute(
.venv\Lib\site-packages\sqlalchemy\engine\base.py:1418: in execute
    return meth(
.venv\Lib\site-packages\sqlalchemy\sql\elements.py:515: in _execute_on_connection
    return connection._execute_clauseelement(
.venv\Lib\site-packages\sqlalchemy\engine\base.py:1640: in _execute_clauseelement
    ret = self._execute_context(
.venv\Lib\site-packages\sqlalchemy\engine\base.py:1846: in _execute_context
    return self._exec_single_context(
.venv\Lib\site-packages\sqlalchemy\engine\base.py:1986: in _exec_single_context
    self._handle_dbapi_exception(
.venv\Lib\site-packages\sqlalchemy\engine\base.py:2353: in _handle_dbapi_exception
    raise sqlalchemy_exception.with_traceback(exc_info[2]) from e
.venv\Lib\site-packages\sqlalchemy\engine\base.py:1967: in _exec_single_context
    self.dialect.do_execute(
.venv\Lib\site-packages\sqlalchemy\engine\default.py:924: in do_execute
    cursor.execute(statement, parameters)
E   sqlalchemy.exc.IntegrityError: (sqlite3.IntegrityError) UNIQUE constraint failed: users.id
E   [SQL: INSERT INTO users (id, username) VALUES (?, ?) RETURNING id, created_at]
E   [parameters: (1, 'alice')]
E   (Background on this error at: https://sqlalche.me/e/20/gkpj)
____________ TestSubmissionTestResultModel.test_create_test_result ____________
.venv\Lib\site-packages\sqlalchemy\engine\base.py:1967: in _exec_single_context
    self.dialect.do_execute(
.venv\Lib\site-packages\sqlalchemy\engine\default.py:924: in do_execute
    cursor.execute(statement, parameters)
E   sqlite3.IntegrityError: UNIQUE constraint failed: users.id

The above exception was the direct cause of the following exception:
tests\test_models_and_service.py:115: in test_create_test_result
    u = make_user(db)
tests\conftest.py:125: in make_user
    db.flush()
.venv\Lib\site-packages\sqlalchemy\orm\session.py:4341: in flush
    self._flush(objects)
.venv\Lib\site-packages\sqlalchemy\orm\session.py:4476: in _flush
    with util.safe_reraise():
.venv\Lib\site-packages\sqlalchemy\util\langhelpers.py:146: in __exit__
    raise exc_value.with_traceback(exc_tb)
.venv\Lib\site-packages\sqlalchemy\orm\session.py:4437: in _flush
    flush_context.execute()
.venv\Lib\site-packages\sqlalchemy\orm\unitofwork.py:466: in execute
    rec.execute(self)
.venv\Lib\site-packages\sqlalchemy\orm\unitofwork.py:642: in execute
    util.preloaded.orm_persistence.save_obj(
.venv\Lib\site-packages\sqlalchemy\orm\persistence.py:93: in save_obj
    _emit_insert_statements(
.venv\Lib\site-packages\sqlalchemy\orm\persistence.py:1233: in _emit_insert_statements
    result = connection.execute(
.venv\Lib\site-packages\sqlalchemy\engine\base.py:1418: in execute
    return meth(
.venv\Lib\site-packages\sqlalchemy\sql\elements.py:515: in _execute_on_connection
    return connection._execute_clauseelement(
.venv\Lib\site-packages\sqlalchemy\engine\base.py:1640: in _execute_clauseelement
    ret = self._execute_context(
.venv\Lib\site-packages\sqlalchemy\engine\base.py:1846: in _execute_context
    return self._exec_single_context(
.venv\Lib\site-packages\sqlalchemy\engine\base.py:1986: in _exec_single_context
    self._handle_dbapi_exception(
.venv\Lib\site-packages\sqlalchemy\engine\base.py:2353: in _handle_dbapi_exception
    raise sqlalchemy_exception.with_traceback(exc_info[2]) from e
.venv\Lib\site-packages\sqlalchemy\engine\base.py:1967: in _exec_single_context
    self.dialect.do_execute(
.venv\Lib\site-packages\sqlalchemy\engine\default.py:924: in do_execute
    cursor.execute(statement, parameters)
E   sqlalchemy.exc.IntegrityError: (sqlite3.IntegrityError) UNIQUE constraint failed: users.id
E   [SQL: INSERT INTO users (id, username) VALUES (?, ?) RETURNING id, created_at]
E   [parameters: (1, 'alice')]
E   (Background on this error at: https://sqlalche.me/e/20/gkpj)
____________ TestSubmissionService.test_create_submission_success _____________
.venv\Lib\site-packages\sqlalchemy\engine\base.py:1967: in _exec_single_context
    self.dialect.do_execute(
.venv\Lib\site-packages\sqlalchemy\engine\default.py:924: in do_execute
    cursor.execute(statement, parameters)
E   sqlite3.IntegrityError: UNIQUE constraint failed: users.id

The above exception was the direct cause of the following exception:
tests\test_models_and_service.py:139: in test_create_submission_success
    make_user(db)
tests\conftest.py:125: in make_user
    db.flush()
.venv\Lib\site-packages\sqlalchemy\orm\session.py:4341: in flush
    self._flush(objects)
.venv\Lib\site-packages\sqlalchemy\orm\session.py:4476: in _flush
    with util.safe_reraise():
.venv\Lib\site-packages\sqlalchemy\util\langhelpers.py:146: in __exit__
    raise exc_value.with_traceback(exc_tb)
.venv\Lib\site-packages\sqlalchemy\orm\session.py:4437: in _flush
    flush_context.execute()
.venv\Lib\site-packages\sqlalchemy\orm\unitofwork.py:466: in execute
    rec.execute(self)
.venv\Lib\site-packages\sqlalchemy\orm\unitofwork.py:642: in execute
    util.preloaded.orm_persistence.save_obj(
.venv\Lib\site-packages\sqlalchemy\orm\persistence.py:93: in save_obj
    _emit_insert_statements(
.venv\Lib\site-packages\sqlalchemy\orm\persistence.py:1233: in _emit_insert_statements
    result = connection.execute(
.venv\Lib\site-packages\sqlalchemy\engine\base.py:1418: in execute
    return meth(
.venv\Lib\site-packages\sqlalchemy\sql\elements.py:515: in _execute_on_connection
    return connection._execute_clauseelement(
.venv\Lib\site-packages\sqlalchemy\engine\base.py:1640: in _execute_clauseelement
    ret = self._execute_context(
.venv\Lib\site-packages\sqlalchemy\engine\base.py:1846: in _execute_context
    return self._exec_single_context(
.venv\Lib\site-packages\sqlalchemy\engine\base.py:1986: in _exec_single_context
    self._handle_dbapi_exception(
.venv\Lib\site-packages\sqlalchemy\engine\base.py:2353: in _handle_dbapi_exception
    raise sqlalchemy_exception.with_traceback(exc_info[2]) from e
.venv\Lib\site-packages\sqlalchemy\engine\base.py:1967: in _exec_single_context
    self.dialect.do_execute(
.venv\Lib\site-packages\sqlalchemy\engine\default.py:924: in do_execute
    cursor.execute(statement, parameters)
E   sqlalchemy.exc.IntegrityError: (sqlite3.IntegrityError) UNIQUE constraint failed: users.id
E   [SQL: INSERT INTO users (id, username) VALUES (?, ?) RETURNING id, created_at]
E   [parameters: (1, 'alice')]
E   (Background on this error at: https://sqlalche.me/e/20/gkpj)
_____ TestSubmissionService.test_create_submission_missing_problem_raises _____
.venv\Lib\site-packages\sqlalchemy\engine\base.py:1967: in _exec_single_context
    self.dialect.do_execute(
.venv\Lib\site-packages\sqlalchemy\engine\default.py:924: in do_execute
    cursor.execute(statement, parameters)
E   sqlite3.IntegrityError: UNIQUE constraint failed: users.id

The above exception was the direct cause of the following exception:
tests\test_models_and_service.py:157: in test_create_submission_missing_problem_raises
    make_user(db)
tests\conftest.py:125: in make_user
    db.flush()
.venv\Lib\site-packages\sqlalchemy\orm\session.py:4341: in flush
    self._flush(objects)
.venv\Lib\site-packages\sqlalchemy\orm\session.py:4476: in _flush
    with util.safe_reraise():
.venv\Lib\site-packages\sqlalchemy\util\langhelpers.py:146: in __exit__
    raise exc_value.with_traceback(exc_tb)
.venv\Lib\site-packages\sqlalchemy\orm\session.py:4437: in _flush
    flush_context.execute()
.venv\Lib\site-packages\sqlalchemy\orm\unitofwork.py:466: in execute
    rec.execute(self)
.venv\Lib\site-packages\sqlalchemy\orm\unitofwork.py:642: in execute
    util.preloaded.orm_persistence.save_obj(
.venv\Lib\site-packages\sqlalchemy\orm\persistence.py:93: in save_obj
    _emit_insert_statements(
.venv\Lib\site-packages\sqlalchemy\orm\persistence.py:1233: in _emit_insert_statements
    result = connection.execute(
.venv\Lib\site-packages\sqlalchemy\engine\base.py:1418: in execute
    return meth(
.venv\Lib\site-packages\sqlalchemy\sql\elements.py:515: in _execute_on_connection
    return connection._execute_clauseelement(
.venv\Lib\site-packages\sqlalchemy\engine\base.py:1640: in _execute_clauseelement
    ret = self._execute_context(
.venv\Lib\site-packages\sqlalchemy\engine\base.py:1846: in _execute_context
    return self._exec_single_context(
.venv\Lib\site-packages\sqlalchemy\engine\base.py:1986: in _exec_single_context
    self._handle_dbapi_exception(
.venv\Lib\site-packages\sqlalchemy\engine\base.py:2353: in _handle_dbapi_exception
    raise sqlalchemy_exception.with_traceback(exc_info[2]) from e
.venv\Lib\site-packages\sqlalchemy\engine\base.py:1967: in _exec_single_context
    self.dialect.do_execute(
.venv\Lib\site-packages\sqlalchemy\engine\default.py:924: in do_execute
    cursor.execute(statement, parameters)
E   sqlalchemy.exc.IntegrityError: (sqlite3.IntegrityError) UNIQUE constraint failed: users.id
E   [SQL: INSERT INTO users (id, username) VALUES (?, ?) RETURNING id, created_at]
E   [parameters: (1, 'alice')]
E   (Background on this error at: https://sqlalche.me/e/20/gkpj)
_____________ TestSubmissionService.test_get_submission_existing ______________
.venv\Lib\site-packages\sqlalchemy\engine\base.py:1967: in _exec_single_context
    self.dialect.do_execute(
.venv\Lib\site-packages\sqlalchemy\engine\default.py:924: in do_execute
    cursor.execute(statement, parameters)
E   sqlite3.IntegrityError: UNIQUE constraint failed: users.id

The above exception was the direct cause of the following exception:
tests\test_models_and_service.py:163: in test_get_submission_existing
    u = make_user(db)
tests\conftest.py:125: in make_user
    db.flush()
.venv\Lib\site-packages\sqlalchemy\orm\session.py:4341: in flush
    self._flush(objects)
.venv\Lib\site-packages\sqlalchemy\orm\session.py:4476: in _flush
    with util.safe_reraise():
.venv\Lib\site-packages\sqlalchemy\util\langhelpers.py:146: in __exit__
    raise exc_value.with_traceback(exc_tb)
.venv\Lib\site-packages\sqlalchemy\orm\session.py:4437: in _flush
    flush_context.execute()
.venv\Lib\site-packages\sqlalchemy\orm\unitofwork.py:466: in execute
    rec.execute(self)
.venv\Lib\site-packages\sqlalchemy\orm\unitofwork.py:642: in execute
    util.preloaded.orm_persistence.save_obj(
.venv\Lib\site-packages\sqlalchemy\orm\persistence.py:93: in save_obj
    _emit_insert_statements(
.venv\Lib\site-packages\sqlalchemy\orm\persistence.py:1233: in _emit_insert_statements
    result = connection.execute(
.venv\Lib\site-packages\sqlalchemy\engine\base.py:1418: in execute
    return meth(
.venv\Lib\site-packages\sqlalchemy\sql\elements.py:515: in _execute_on_connection
    return connection._execute_clauseelement(
.venv\Lib\site-packages\sqlalchemy\engine\base.py:1640: in _execute_clauseelement
    ret = self._execute_context(
.venv\Lib\site-packages\sqlalchemy\engine\base.py:1846: in _execute_context
    return self._exec_single_context(
.venv\Lib\site-packages\sqlalchemy\engine\base.py:1986: in _exec_single_context
    self._handle_dbapi_exception(
.venv\Lib\site-packages\sqlalchemy\engine\base.py:2353: in _handle_dbapi_exception
    raise sqlalchemy_exception.with_traceback(exc_info[2]) from e
.venv\Lib\site-packages\sqlalchemy\engine\base.py:1967: in _exec_single_context
    self.dialect.do_execute(
.venv\Lib\site-packages\sqlalchemy\engine\default.py:924: in do_execute
    cursor.execute(statement, parameters)
E   sqlalchemy.exc.IntegrityError: (sqlite3.IntegrityError) UNIQUE constraint failed: users.id
E   [SQL: INSERT INTO users (id, username) VALUES (?, ?) RETURNING id, created_at]
E   [parameters: (1, 'alice')]
E   (Background on this error at: https://sqlalche.me/e/20/gkpj)
____________ TestSubmissionService.test_list_submissions_no_filter ____________
.venv\Lib\site-packages\sqlalchemy\engine\base.py:1967: in _exec_single_context
    self.dialect.do_execute(
.venv\Lib\site-packages\sqlalchemy\engine\default.py:924: in do_execute
    cursor.execute(statement, parameters)
E   sqlite3.IntegrityError: UNIQUE constraint failed: users.id

The above exception was the direct cause of the following exception:
tests\test_models_and_service.py:175: in test_list_submissions_no_filter
    u = make_user(db)
tests\conftest.py:125: in make_user
    db.flush()
.venv\Lib\site-packages\sqlalchemy\orm\session.py:4341: in flush
    self._flush(objects)
.venv\Lib\site-packages\sqlalchemy\orm\session.py:4476: in _flush
    with util.safe_reraise():
.venv\Lib\site-packages\sqlalchemy\util\langhelpers.py:146: in __exit__
    raise exc_value.with_traceback(exc_tb)
.venv\Lib\site-packages\sqlalchemy\orm\session.py:4437: in _flush
    flush_context.execute()
.venv\Lib\site-packages\sqlalchemy\orm\unitofwork.py:466: in execute
    rec.execute(self)
.venv\Lib\site-packages\sqlalchemy\orm\unitofwork.py:642: in execute
    util.preloaded.orm_persistence.save_obj(
.venv\Lib\site-packages\sqlalchemy\orm\persistence.py:93: in save_obj
    _emit_insert_statements(
.venv\Lib\site-packages\sqlalchemy\orm\persistence.py:1233: in _emit_insert_statements
    result = connection.execute(
.venv\Lib\site-packages\sqlalchemy\engine\base.py:1418: in execute
    return meth(
.venv\Lib\site-packages\sqlalchemy\sql\elements.py:515: in _execute_on_connection
    return connection._execute_clauseelement(
.venv\Lib\site-packages\sqlalchemy\engine\base.py:1640: in _execute_clauseelement
    ret = self._execute_context(
.venv\Lib\site-packages\sqlalchemy\engine\base.py:1846: in _execute_context
    return self._exec_single_context(
.venv\Lib\site-packages\sqlalchemy\engine\base.py:1986: in _exec_single_context
    self._handle_dbapi_exception(
.venv\Lib\site-packages\sqlalchemy\engine\base.py:2353: in _handle_dbapi_exception
    raise sqlalchemy_exception.with_traceback(exc_info[2]) from e
.venv\Lib\site-packages\sqlalchemy\engine\base.py:1967: in _exec_single_context
    self.dialect.do_execute(
.venv\Lib\site-packages\sqlalchemy\engine\default.py:924: in do_execute
    cursor.execute(statement, parameters)
E   sqlalchemy.exc.IntegrityError: (sqlite3.IntegrityError) UNIQUE constraint failed: users.id
E   [SQL: INSERT INTO users (id, username) VALUES (?, ?) RETURNING id, created_at]
E   [parameters: (1, 'alice')]
E   (Background on this error at: https://sqlalche.me/e/20/gkpj)
______________________________ test_health_check ______________________________
.venv\Lib\site-packages\httpx\_transports\default.py:69: in map_httpcore_exceptions
    yield
.venv\Lib\site-packages\httpx\_transports\default.py:233: in handle_request
    resp = self._pool.handle_request(req)
.venv\Lib\site-packages\httpcore\_sync\connection_pool.py:256: in handle_request
    raise exc from None
.venv\Lib\site-packages\httpcore\_sync\connection_pool.py:236: in handle_request
    response = connection.handle_request(
.venv\Lib\site-packages\httpcore\_sync\connection.py:101: in handle_request
    raise exc
.venv\Lib\site-packages\httpcore\_sync\connection.py:78: in handle_request
    stream = self._connect(request)
.venv\Lib\site-packages\httpcore\_sync\connection.py:124: in _connect
    stream = self._network_backend.connect_tcp(**kwargs)
.venv\Lib\site-packages\httpcore\_backends\sync.py:207: in connect_tcp
    with map_exceptions(exc_map):
..\..\..\AppData\Roaming\uv\python\cpython-3.11.13-windows-x86_64-none\Lib\contextlib.py:158: in __exit__
    self.gen.throw(typ, value, traceback)
.venv\Lib\site-packages\httpcore\_exceptions.py:14: in map_exceptions
    raise to_exc(exc) from exc
E   httpcore.ConnectError: [WinError 10061] No connection could be made because the target machine actively refused it

The above exception was the direct cause of the following exception:
tests\test_run.py:44: in test_health_check
    resp = c.get("/health")
.venv\Lib\site-packages\httpx\_client.py:1054: in get
    return self.request(
.venv\Lib\site-packages\httpx\_client.py:827: in request
    return self.send(request, auth=auth, follow_redirects=follow_redirects)
.venv\Lib\site-packages\httpx\_client.py:914: in send
    response = self._send_handling_auth(
.venv\Lib\site-packages\httpx\_client.py:942: in _send_handling_auth
    response = self._send_handling_redirects(
.venv\Lib\site-packages\httpx\_client.py:979: in _send_handling_redirects
    response = self._send_single_request(request)
.venv\Lib\site-packages\httpx\_client.py:1015: in _send_single_request
    response = transport.handle_request(request)
.venv\Lib\site-packages\httpx\_transports\default.py:232: in handle_request
    with map_httpcore_exceptions():
..\..\..\AppData\Roaming\uv\python\cpython-3.11.13-windows-x86_64-none\Lib\contextlib.py:158: in __exit__
    self.gen.throw(typ, value, traceback)
.venv\Lib\site-packages\httpx\_transports\default.py:86: in map_httpcore_exceptions
    raise mapped_exc(message) from exc
E   httpx.ConnectError: [WinError 10061] No connection could be made because the target machine actively refused it
__________ TestProcessSubmission.test_compile_error_marks_submission __________
tests\test_worker.py:246: in test_compile_error_marks_submission
    assert sub.status == "compile_error"
E   AssertionError: assert 'running' == 'compile_error'
E
E     - compile_error
E     + running
============================== warnings summary ===============================
.venv\Lib\site-packages\starlette\formparsers.py:12
  C:\Users\thava\internship hex\Editor\rce-backend-mvp\.venv\Lib\site-packages\starlette\formparsers.py:12: PendingDeprecationWarning: Please use `import python_multipart` instead.
    import multipart

.venv\Lib\site-packages\_pytest\config\__init__.py:1448
  C:\Users\thava\internship hex\Editor\rce-backend-mvp\.venv\Lib\site-packages\_pytest\config\__init__.py:1448: PytestConfigWarning: Unknown config option: collect_ignore_glob

    self._warn_or_fail_if_strict(f"Unknown config option: {key}\n")

app\schemas\problem.py:17
  C:\Users\thava\internship hex\Editor\rce-backend-mvp\app\schemas\problem.py:17: PytestCollectionWarning: cannot collect test class 'TestCaseIn' because it has a __init__ constructor (from: tests/test_schemas.py)
    class TestCaseIn(BaseModel):

-- Docs: https://docs.pytest.org/en/stable/how-to/capture-warnings.html
=========================== short test summary info ===========================
FAILED tests/test_api_run.py::TestRunEndpoint::test_run_no_persist_submission_id_is_null
FAILED tests/test_api_run.py::TestRunEndpoint::test_run_cleanup_called_on_runner_exception
FAILED tests/test_api_run.py::TestRunEndpoint::test_run_not_implemented_runner_returns_501
FAILED tests/test_api_submissions.py::TestSubmitEndpoint::test_submit_returns_202
FAILED tests/test_api_submissions.py::TestSubmitEndpoint::test_submit_returns_submission_id
FAILED tests/test_api_submissions.py::TestSubmitEndpoint::test_submit_creates_queued_row
FAILED tests/test_api_submissions.py::TestSubmitEndpoint::test_submit_run_type_run_is_stored
FAILED tests/test_api_submissions.py::TestSubmitEndpoint::test_submit_nonexistent_problem_returns_404
FAILED tests/test_api_submissions.py::TestSubmitEndpoint::test_submit_invalid_run_type_returns_422
FAILED tests/test_api_submissions.py::TestSubmitEndpoint::test_submit_empty_source_returns_422
FAILED tests/test_models_and_service.py::TestSubmissionModel::test_create_submission
FAILED tests/test_models_and_service.py::TestSubmissionModel::test_submission_without_problem
FAILED tests/test_models_and_service.py::TestSubmissionModel::test_submission_status_default
FAILED tests/test_models_and_service.py::TestSubmissionTestResultModel::test_create_test_result
FAILED tests/test_models_and_service.py::TestSubmissionService::test_create_submission_success
FAILED tests/test_models_and_service.py::TestSubmissionService::test_create_submission_missing_problem_raises
FAILED tests/test_models_and_service.py::TestSubmissionService::test_get_submission_existing
FAILED tests/test_models_and_service.py::TestSubmissionService::test_list_submissions_no_filter
FAILED tests/test_run.py::test_health_check - httpx.ConnectError: [WinError 1...
FAILED tests/test_worker.py::TestProcessSubmission::test_compile_error_marks_submission
=========== 20 failed, 146 passed, 3 skipped, 3 warnings in 22.01s ============
